g:\uni year 2\module 7\githubrepos\snakeframework\snakeframework\debug\vc142.pdb
g:\uni year 2\module 7\githubrepos\snakeframework\snakeframework\debug\vc142.idb
g:\uni year 2\module 7\githubrepos\snakeframework\snakeframework\debug\vector2.obj
g:\uni year 2\module 7\githubrepos\snakeframework\snakeframework\debug\timer.obj
g:\uni year 2\module 7\githubrepos\snakeframework\snakeframework\debug\sound.obj
g:\uni year 2\module 7\githubrepos\snakeframework\snakeframework\debug\snakehead.obj
g:\uni year 2\module 7\githubrepos\snakeframework\snakeframework\debug\snakecomponent.obj
g:\uni year 2\module 7\githubrepos\snakeframework\snakeframework\debug\snakebody.obj
g:\uni year 2\module 7\githubrepos\snakeframework\snakeframework\debug\snake.obj
g:\uni year 2\module 7\githubrepos\snakeframework\snakeframework\debug\settings.obj
g:\uni year 2\module 7\githubrepos\snakeframework\snakeframework\debug\rat.obj
g:\uni year 2\module 7\githubrepos\snakeframework\snakeframework\debug\playerdata.obj
g:\uni year 2\module 7\githubrepos\snakeframework\snakeframework\debug\main.obj
g:\uni year 2\module 7\githubrepos\snakeframework\snakeframework\debug\inputmanager.obj
g:\uni year 2\module 7\githubrepos\snakeframework\snakeframework\debug\helpers.obj
g:\uni year 2\module 7\githubrepos\snakeframework\snakeframework\debug\game.obj
g:\uni year 2\module 7\githubrepos\snakeframework\snakeframework\debug\collisiondetection.obj
g:\uni year 2\module 7\githubrepos\snakeframework\snakeframework\debug\charobject.obj
g:\uni year 2\module 7\githubrepos\snakeframework\snakeframework\debug\arena.obj
g:\uni year 2\module 7\githubrepos\snakeframework\debug\snakeframework.exe
g:\uni year 2\module 7\githubrepos\snakeframework\debug\snakeframework.ilk
g:\uni year 2\module 7\githubrepos\snakeframework\debug\snakeframework.pdb
g:\uni year 2\module 7\githubrepos\snakeframework\snakeframework\debug\snakeframework.tlog\cl.command.1.tlog
g:\uni year 2\module 7\githubrepos\snakeframework\snakeframework\debug\snakeframework.tlog\cl.read.1.tlog
g:\uni year 2\module 7\githubrepos\snakeframework\snakeframework\debug\snakeframework.tlog\cl.write.1.tlog
g:\uni year 2\module 7\githubrepos\snakeframework\snakeframework\debug\snakeframework.tlog\link.command.1.tlog
g:\uni year 2\module 7\githubrepos\snakeframework\snakeframework\debug\snakeframework.tlog\link.read.1.tlog
g:\uni year 2\module 7\githubrepos\snakeframework\snakeframework\debug\snakeframework.tlog\link.write.1.tlog
